0 info it worked if it ends with ok
1 verbose cli [ '/usr/local/bin/node',
1 verbose cli   '/usr/local/bin/npm',
1 verbose cli   'install',
1 verbose cli   '-g',
1 verbose cli   'nod-red-dashboard' ]
2 info using npm@1.4.28
3 info using node@v0.10.33
4 verbose node symlink /usr/local/bin/node
5 verbose cache add [ 'nod-red-dashboard', null ]
6 verbose cache add name=undefined spec="nod-red-dashboard" args=["nod-red-dashboard",null]
7 verbose parsed url { protocol: null,
7 verbose parsed url   slashes: null,
7 verbose parsed url   auth: null,
7 verbose parsed url   host: null,
7 verbose parsed url   port: null,
7 verbose parsed url   hostname: null,
7 verbose parsed url   hash: null,
7 verbose parsed url   search: null,
7 verbose parsed url   query: null,
7 verbose parsed url   pathname: 'nod-red-dashboard',
7 verbose parsed url   path: 'nod-red-dashboard',
7 verbose parsed url   href: 'nod-red-dashboard' }
8 silly lockFile de3ec245-nod-red-dashboard nod-red-dashboard
9 verbose lock nod-red-dashboard /Users/nyfelix/.npm/de3ec245-nod-red-dashboard.lock
10 silly lockFile de3ec245-nod-red-dashboard nod-red-dashboard
11 silly lockFile de3ec245-nod-red-dashboard nod-red-dashboard
12 verbose addNamed [ 'nod-red-dashboard', '' ]
13 verbose addNamed [ null, '*' ]
14 silly lockFile 1fb34dfd-nod-red-dashboard nod-red-dashboard@
15 verbose lock nod-red-dashboard@ /Users/nyfelix/.npm/1fb34dfd-nod-red-dashboard.lock
16 silly addNameRange { name: 'nod-red-dashboard', range: '*', hasData: false }
17 verbose request where is /nod-red-dashboard
18 verbose request registry https://registry.npmjs.org/
19 verbose request id 8719060a1e4ea67e
20 verbose url raw /nod-red-dashboard
21 verbose url resolving [ 'https://registry.npmjs.org/', './nod-red-dashboard' ]
22 verbose url resolved https://registry.npmjs.org/nod-red-dashboard
23 verbose request where is https://registry.npmjs.org/nod-red-dashboard
24 info trying registry request attempt 1 at 14:59:47
25 http GET https://registry.npmjs.org/nod-red-dashboard
26 http 404 https://registry.npmjs.org/nod-red-dashboard
27 silly registry.get cb [ 404,
27 silly registry.get   { 'content-type': 'application/json',
27 silly registry.get     'cache-control': 'max-age=0',
27 silly registry.get     'content-length': '2',
27 silly registry.get     'accept-ranges': 'bytes',
27 silly registry.get     date: 'Mon, 29 Aug 2016 12:59:48 GMT',
27 silly registry.get     via: '1.1 varnish',
27 silly registry.get     age: '0',
27 silly registry.get     connection: 'keep-alive',
27 silly registry.get     'x-served-by': 'cache-fra1222-FRA',
27 silly registry.get     'x-cache': 'MISS',
27 silly registry.get     'x-cache-hits': '0',
27 silly registry.get     'x-timer': 'S1472475587.959615,VS0,VE109',
27 silly registry.get     vary: 'Accept-Encoding' } ]
28 silly lockFile 1fb34dfd-nod-red-dashboard nod-red-dashboard@
29 silly lockFile 1fb34dfd-nod-red-dashboard nod-red-dashboard@
30 error 404 Not Found
30 error 404
30 error 404 'nod-red-dashboard' is not in the npm registry.
30 error 404 You should bug the author to publish it
30 error 404
30 error 404 Note that you can also install from a
30 error 404 tarball, folder, or http url, or git url.
31 error System Darwin 14.5.0
32 error command "/usr/local/bin/node" "/usr/local/bin/npm" "install" "-g" "nod-red-dashboard"
33 error cwd /Users/nyfelix/dev/hsr.plmstudy.res/analysis_jsgraph/public/~.node-red
34 error node -v v0.10.33
35 error npm -v 1.4.28
36 error code E404
37 verbose exit [ 1, true ]
