0 info it worked if it ends with ok
1 verbose cli [ '/usr/local/bin/node',
1 verbose cli   '/usr/local/bin/npm',
1 verbose cli   'install',
1 verbose cli   'sqlite3' ]
2 info using npm@1.4.28
3 info using node@v0.10.33
4 verbose node symlink /usr/local/bin/node
5 warn package.json plmgraph@1.0.0 No repository field.
6 warn package.json plmgraph@1.0.0 No README data
7 verbose readDependencies using package.json deps
8 verbose cache add [ 'sqlite3@^3.1.0', null ]
9 verbose cache add name=undefined spec="sqlite3@^3.1.0" args=["sqlite3@^3.1.0",null]
10 verbose parsed url { protocol: null,
10 verbose parsed url   slashes: null,
10 verbose parsed url   auth: null,
10 verbose parsed url   host: null,
10 verbose parsed url   port: null,
10 verbose parsed url   hostname: null,
10 verbose parsed url   hash: null,
10 verbose parsed url   search: null,
10 verbose parsed url   query: null,
10 verbose parsed url   pathname: 'sqlite3@^3.1.0',
10 verbose parsed url   path: 'sqlite3@^3.1.0',
10 verbose parsed url   href: 'sqlite3@^3.1.0' }
11 verbose cache add name="sqlite3" spec="^3.1.0" args=["sqlite3","^3.1.0"]
12 verbose parsed url { protocol: null,
12 verbose parsed url   slashes: null,
12 verbose parsed url   auth: null,
12 verbose parsed url   host: null,
12 verbose parsed url   port: null,
12 verbose parsed url   hostname: null,
12 verbose parsed url   hash: null,
12 verbose parsed url   search: null,
12 verbose parsed url   query: null,
12 verbose parsed url   pathname: '^3.1.0',
12 verbose parsed url   path: '^3.1.0',
12 verbose parsed url   href: '^3.1.0' }
13 verbose addNamed [ 'sqlite3', '^3.1.0' ]
14 verbose addNamed [ null, '>=3.1.0-0 <4.0.0-0' ]
15 silly lockFile c6e599fb-sqlite3-3-1-0 sqlite3@^3.1.0
16 verbose lock sqlite3@^3.1.0 /Users/nyfelix/.npm/c6e599fb-sqlite3-3-1-0.lock
17 silly lockFile c6e599fb-sqlite3-3-1-0 sqlite3@^3.1.0
18 error Error: Attempt to unlock sqlite3@^3.1.0, which hasn't been locked
18 error     at unlock (/usr/local/Cellar/node/0.8.16/lib/node_modules/npm/lib/utils/locker.js:44:11)
18 error     at cb (/usr/local/Cellar/node/0.8.16/lib/node_modules/npm/lib/cache/add-named.js:32:5)
18 error     at /usr/local/Cellar/node/0.8.16/lib/node_modules/npm/lib/cache/add-named.js:41:20
18 error     at /usr/local/Cellar/node/0.8.16/lib/node_modules/npm/lib/utils/locker.js:30:7
18 error     at cb (/usr/local/Cellar/node/0.8.16/lib/node_modules/npm/node_modules/lockfile/lockfile.js:149:38)
18 error     at /usr/local/Cellar/node/0.8.16/lib/node_modules/npm/node_modules/lockfile/lockfile.js:177:38
18 error     at Object.oncomplete (fs.js:107:15)
19 error If you need help, you may report this *entire* log,
19 error including the npm and node versions, at:
19 error     <http://github.com/npm/npm/issues>
20 error System Darwin 14.5.0
21 error command "/usr/local/bin/node" "/usr/local/bin/npm" "install" "sqlite3"
22 error cwd /Users/nyfelix/dev/hsr.plmstudy.res/analysis_jsgraph
23 error node -v v0.10.33
24 error npm -v 1.4.28
25 verbose exit [ 1, true ]
